{"/home/geovana/Projects/apps/webcars/App.tsx": {"path":"/home/geovana/Projects/apps/webcars/App.tsx","statementMap":{"0":{"start":{"line":5,"column":2},"end":{"line":9,"column":4}}},"fnMap":{"0":{"name":"App","decl":{"start":{"line":4,"column":24},"end":{"line":4,"column":27}},"loc":{"start":{"line":4,"column":30},"end":{"line":10,"column":1}},"line":4}},"branchMap":{},"s":{"0":1},"f":{"0":1},"b":{},"_coverageSchema":"1a1c01bbd47fc00a2c39e90264f33305004495a9","hash":"ae0d274db754907533a4413e384493fa37ead0cf"}
,"/home/geovana/Projects/apps/webcars/index.ts": {"path":"/home/geovana/Projects/apps/webcars/index.ts","statementMap":{"0":{"start":{"line":8,"column":0},"end":{"line":8,"column":27}}},"fnMap":{},"branchMap":{},"s":{"0":0},"f":{},"b":{}}
,"/home/geovana/Projects/apps/webcars/src/main/pages/carDetails/index.tsx": {"path":"/home/geovana/Projects/apps/webcars/src/main/pages/carDetails/index.tsx","statementMap":{"0":{"start":{"line":5,"column":2},"end":{"line":9,"column":3}}},"fnMap":{"0":{"name":"CarDetails","decl":{"start":{"line":4,"column":16},"end":{"line":4,"column":26}},"loc":{"start":{"line":4,"column":29},"end":{"line":10,"column":1}},"line":4}},"branchMap":{},"s":{"0":0},"f":{"0":0},"b":{},"_coverageSchema":"1a1c01bbd47fc00a2c39e90264f33305004495a9","hash":"264a7dcc2ed19db8e7cb22d633ed2946408fc48e"}
,"/home/geovana/Projects/apps/webcars/src/main/pages/favorites/index.tsx": {"path":"/home/geovana/Projects/apps/webcars/src/main/pages/favorites/index.tsx","statementMap":{"0":{"start":{"line":5,"column":2},"end":{"line":9,"column":3}}},"fnMap":{"0":{"name":"Favorites","decl":{"start":{"line":4,"column":16},"end":{"line":4,"column":25}},"loc":{"start":{"line":4,"column":28},"end":{"line":10,"column":1}},"line":4}},"branchMap":{},"s":{"0":0},"f":{"0":0},"b":{},"_coverageSchema":"1a1c01bbd47fc00a2c39e90264f33305004495a9","hash":"14865e6868aed6086c7ce94e559b71f9382b200d"}
,"/home/geovana/Projects/apps/webcars/src/main/pages/home/index.tsx": {"path":"/home/geovana/Projects/apps/webcars/src/main/pages/home/index.tsx","statementMap":{"0":{"start":{"line":5,"column":2},"end":{"line":9,"column":3}}},"fnMap":{"0":{"name":"Home","decl":{"start":{"line":4,"column":16},"end":{"line":4,"column":20}},"loc":{"start":{"line":4,"column":23},"end":{"line":10,"column":1}},"line":4}},"branchMap":{},"s":{"0":1},"f":{"0":1},"b":{},"_coverageSchema":"1a1c01bbd47fc00a2c39e90264f33305004495a9","hash":"5c182de19456ac44b6049182fbc360dd2a50b0ff"}
,"/home/geovana/Projects/apps/webcars/src/main/routes/index.tsx": {"path":"/home/geovana/Projects/apps/webcars/src/main/routes/index.tsx","statementMap":{"0":{"start":{"line":12,"column":14},"end":{"line":12,"column":58}},"1":{"start":{"line":15,"column":2},"end":{"line":21,"column":3}}},"fnMap":{"0":{"name":"Routes","decl":{"start":{"line":14,"column":16},"end":{"line":14,"column":22}},"loc":{"start":{"line":14,"column":25},"end":{"line":22,"column":1}},"line":14}},"branchMap":{},"s":{"0":1,"1":1},"f":{"0":1},"b":{},"_coverageSchema":"1a1c01bbd47fc00a2c39e90264f33305004495a9","hash":"595661d6bc641e0e3b5b308092267a86d92ce35a"}
,"/home/geovana/Projects/apps/webcars/src/main/services/firebaseConnection.ts": {"path":"/home/geovana/Projects/apps/webcars/src/main/services/firebaseConnection.ts","statementMap":{"0":{"start":{"line":4,"column":23},"end":{"line":11,"column":1}},"1":{"start":{"line":13,"column":20},"end":{"line":13,"column":49}},"2":{"start":{"line":14,"column":11},"end":{"line":14,"column":36}}},"fnMap":{},"branchMap":{},"s":{"0":0,"1":0,"2":0},"f":{},"b":{}}
}
