TN:
SF:App.tsx
FN:4,App
FNF:1
FNH:1
FNDA:1,App
DA:5,1
LF:1
LH:1
BRF:0
BRH:0
end_of_record
TN:
SF:index.ts
FNF:0
FNH:0
DA:8,0
LF:1
LH:0
BRF:0
BRH:0
end_of_record
TN:
SF:src/main/pages/carDetails/index.tsx
FN:4,CarDetails
FNF:1
FNH:0
FNDA:0,CarDetails
DA:5,0
LF:1
LH:0
BRF:0
BRH:0
end_of_record
TN:
SF:src/main/pages/favorites/index.tsx
FN:4,Favorites
FNF:1
FNH:0
FNDA:0,Favorites
DA:5,0
LF:1
LH:0
BRF:0
BRH:0
end_of_record
TN:
SF:src/main/pages/home/index.tsx
FN:4,Home
FNF:1
FNH:1
FNDA:1,Home
DA:5,1
LF:1
LH:1
BRF:0
BRH:0
end_of_record
TN:
SF:src/main/routes/index.tsx
FN:14,Routes
FNF:1
FNH:1
FNDA:1,Routes
DA:12,1
DA:15,1
LF:2
LH:2
BRF:0
BRH:0
end_of_record
TN:
SF:src/main/services/firebaseConnection.ts
FNF:0
FNH:0
DA:4,0
DA:13,0
DA:14,0
LF:3
LH:0
BRF:0
BRH:0
end_of_record
